temperature    velocity    pressure

1 1  3.2934e+00  3.8272e-08  3.3290e-08
1 2  1.8814e-01  1.0898e-04  4.0054e-08
1 3  3.2960e-01  3.1050e-05  2.1057e-09
1 4  7.4484e-02  1.4875e-08  3.5864e-09
1 5  2.9228e-02  9.7661e-09  8.1558e-10
1 6  1.3858e-02  1.2030e-06  3.2130e-10
1 7  1.4811e-03  3.1113e-06  1.5167e-10
1 8  5.1136e-14  3.9459e-12  1.6359e-11
2 1  2.6337e+00  7.3009e-08  2.2201e-08
2 2  3.2502e-03  1.1619e-04  2.6231e-08
2 3  2.2811e-01  1.6934e-06  1.0679e-09
2 4  3.9326e-02  1.5692e-05  2.0410e-09
2 5  2.4591e-05  3.7842e-06  3.5950e-10
2 6  6.3165e-03  3.4095e-06  1.6195e-10
2 7  1.0677e-03  1.9657e-07  5.6898e-11
2 8  7.9308e-04  5.0530e-07  9.3876e-12
2 9  5.1143e-14  1.3310e-07  7.0702e-12
3 1  2.1346e+00  1.1152e-03  1.5280e-08
3 2  6.3498e-02  6.9401e-06  1.8094e-08
3 3  1.5951e-01  1.7294e-06  5.8710e-10
3 4  1.9548e-02  2.7053e-05  1.2157e-09
3 5  1.1440e-02  1.2432e-05  1.5771e-10
3 6  2.7136e-03  4.7843e-10  8.5943e-11
3 7  5.1152e-14  1.1639e-10  2.1127e-11
4 1  5.1150e-14  1.7226e-03  1.0828e-08
4 2  3.7728e-03  7.5828e-17  1.3058e-08
4 3  2.3162e-03  7.8815e-05  4.3983e-10
4 4  7.4786e-05  9.7984e-06  7.4495e-10
4 5  7.0365e-03  8.8514e-06  7.1291e-11
4 6  1.0375e-03  9.9993e-07  4.6239e-11
4 7  2.1681e-07  3.7257e-07  7.5846e-12
5 1  1.4369e+00  2.1087e-03  8.0361e-09
5 2  7.2495e-02  6.7552e-05  9.8710e-09
5 3  7.5627e-02  9.6202e-05  4.5397e-10
5 4  6.0648e-03  3.0341e-05  4.6742e-10
5 5  5.1189e-14  4.7881e-06  4.5249e-11
6 1  5.1236e-14  2.2996e-03  6.3893e-09
6 2  8.9801e-02  2.5162e-04  7.8900e-09
6 3  5.1183e-02  1.2326e-04  4.9919e-10
6 4  6.5781e-03  2.8458e-05  3.1206e-10
6 5  1.7890e-05  1.5904e-08  4.2240e-11
6 6  4.5304e-04  1.4597e-06  1.4009e-11
6 7  1.2695e-04  2.0863e-07  2.9792e-12
6 8  1.1668e-08  1.5894e-13  7.6515e-13
7 1  5.1768e-14  2.2482e-04  5.4243e-09
7 2  1.0176e-01  3.0185e-04  6.7494e-09
7 3  5.3083e-14  2.2162e-06  5.3231e-10
8 1  9.0195e-01  2.9640e-03  4.7081e-09
8 2  1.0957e-01  1.3209e-04  6.2123e-09
8 3  6.6607e-14  8.0611e-05  5.6117e-10
8 4  6.4032e-03  1.5825e-05  2.4733e-10
8 5  1.8655e-03  1.6195e-08  3.7964e-11
8 6  3.6359e-04  5.9122e-07  1.3209e-11
8 7  1.2069e-04  1.9509e-07  2.2971e-12
8 8  3.5164e-05  8.0561e-08  7.9297e-13
8 9  1.3317e-05  2.6596e-08  1.8994e-13
8 10  8.0040e-09  1.0659e-08  7.5513e-14
9 1  8.6357e-01  2.7873e-04  5.0547e-09
9 2  7.0675e-04  2.5906e-04  6.1740e-09
9 3  4.0621e-02  7.0619e-05  5.3767e-10
9 4  5.3456e-03  1.5993e-05  2.7604e-10
9 5  2.2109e-03  1.5903e-08  3.2875e-11
9 6  5.1449e-08  6.9082e-10  1.5011e-11
10 1  8.9516e-01  4.0048e-03  5.2479e-09
10 2  9.9146e-02  1.7603e-04  6.4006e-09
10 3  4.6059e-02  2.6080e-06  5.1015e-10
10 4  4.8410e-03  1.3011e-05  3.0016e-10
10 5  2.4689e-03  6.1279e-06  3.1066e-11
10 6  3.0133e-04  1.4817e-09  1.5940e-11
10 7  9.4151e-08  1.2297e-10  2.0080e-12
11 1  9.6246e-01  4.3510e-03  5.4868e-09
11 2  8.5094e-13  1.5848e-04  6.6905e-09
11 3  4.8569e-02  7.1662e-05  4.6556e-10
11 4  4.4846e-03  5.4155e-08  3.0855e-10
11 5  9.7349e-06  3.1990e-06  2.9581e-11
12 1  1.0292e+00  2.7395e-03  5.7182e-09
12 2  8.0602e-02  1.5385e-04  6.9842e-09
12 3  1.1981e-03  2.2244e-06  4.3630e-10
12 4  4.2739e-03  5.5323e-08  3.0969e-10
12 5  2.3447e-12  1.3817e-08  2.8549e-11
13 1  1.0882e+00  3.6170e-04  5.8786e-09
13 2  7.4675e-02  1.3479e-05  7.2347e-09
13 3  1.0775e-03  6.4317e-05  4.1701e-10
13 4  4.1105e-03  1.3674e-05  3.0434e-10
13 5  2.2117e-03  3.6237e-06  2.7107e-11
13 6  2.7245e-04  6.2017e-07  1.3571e-11
13 7  1.0702e-04  2.0306e-07  1.7675e-12
13 8  2.5922e-05  3.3769e-08  6.3677e-13
13 9  1.0987e-05  8.3349e-09  1.3996e-13
13 10  5.3092e-12  9.5544e-09  4.9535e-14
14 1  1.1312e+00  4.8513e-06  5.8952e-09
14 2  6.9788e-02  1.3657e-05  7.3765e-09
14 3  9.6634e-04  1.3014e-04  3.9902e-10
14 4  4.2552e-05  5.6124e-08  2.9592e-10
14 5  2.1042e-03  1.1715e-08  2.5777e-11
14 6  3.6899e-07  6.1796e-07  1.2679e-11
15 1  1.1544e+00  1.8722e-03  5.8878e-09
15 2  6.9006e-02  3.3707e-07  7.4496e-09
15 3  4.6218e-02  2.2305e-06  3.9676e-10
15 4  2.3313e-11  8.2480e-06  2.8065e-10
16 1  1.1488e+00  1.