temperature    velocity    pressure

 6.4145e-06  6.4699e-06  3.1063e-06
 5.0913e-06  2.3585e-06  6.6192e-06
 8.2572e-06  6.8164e-06  3.6252e-06
 5.5116e-06  4.8229e-06  2.1021e-07
 7.9184e-06  2.0121e-06  1.3443e-06
 7.6474e-06  6.2541e-07  1.7411e-06
 7.6282e-06  2.6246e-06  2.9753e-06
 8.8579e-06  7.8527e-06  6.4211e-06
 6.5146e-06  7.2817e-06  7.3264e-06
 4.9275e-06  6.4640e-06  7.7952e-06
 4.4403e-06  4.4662e-06  6.4356e-06
 4.0734e-06  3.8566e-06  6.4807e-06
 3.2286e-06  4.2730e-06  7.9661e-06
 2.6103e-06  3.6526e-06  7.6873e-06
 1.9336e-06  3.0858e-06  7.3117e-06
 1.5487e-06  2.5390e-06  6.8651e-06
 2.7255e-06  2.6698e-06  7.9473e-06
 2.7591e-06  1.9917e-06  7.3617e-06
 2.7887e-06  1.3968e-06  6.8464e-06
 5.0646e-06  1.2018e-06  7.9490e-06
 4.4557e-06  5.8387e-07  7.4419e-06
 3.9390e-06  9.2285e-08  7.0675e-06
 3.2701e-06  3.1892e-07  6.7772e-06
 2.7820e-06  6.6152e-07  6.5729e-06
 3.6264e-06  1.1868e-06  8.0104e-06
 3.4079e-06  1.4924e-06  7.9065e-06
 2.5537e-06  1.7721e-06  7.9354e-06
 1.9610e-06  1.9878e-06  8.0403e-06
 1.1566e-06  1.7089e-06  6.6091e-06
 1.4842e-06  1.8418e-06  6.8144e-06
 1.5638e-06  1.9613e-06  6.9947e-06
 1.5812e-06  2.0966e-06  7.1805e-06
 1.5665e-06  2.2260e-06  7.3648e-06
 1.5233e-06  2.3444e-06  7.5373e-06
 1.4509e-06  2.4463e-06  7.6883e-06
 1.3587e-06  2.5297e-06  7.8087e-06
 1.2791e-06  2.5920e-06  7.8910e-06
 1.2108e-06  2.6328e-06  7.9290e-06
 1.1659e-06  2.6527e-06  7.9180e-06
 1.1493e-06  2.6532e-06  7.8546e-06
 1.1484e-06  2.6365e-06  7.7372e-06
 1.1531e-06  2.6057e-06  7.5661e-06
 1.1550e-06  2.5641e-06  7.3436e-06
 1.1491e-06  2.5150e-06  7.0737e-06
 1.1339e-06  2.4611e-06  6.7621e-06
 2.0783e-06  3.0449e-06  7.9803e-06
 1.9527e-06  2.9363e-06  7.4645e-06
 1.8762e-06  2.8532e-06  6.9842e-06
 2.5474e-06  3.5150e-06  8.0587e-06
 2.2935e-06  3.3590e-06  7.3707e-06
 2.2107e-06  3.2397e-06  6.7658e-06
 9.1278e-07  4.0416e-06  7.6115e-06
 4.9775e-07  3.8185e-06  6.8052e-06
 4.7726e-07  3.6327e-06  6.1341e-06
 2.9923e-07  3.4652e-06  5.4938e-06
 1.3592e-07  3.2968e-06  4.8935e-06
 1.3012e-05  7.7318e-06  7.2663e-06
 1.2526e-05  6.6740e-06  5.6040e-06
 1.3989e-05  6.2076e-06  4.5148e-06
 1.2851e-05  5.3722e-06  3.5801e-06
 1.1966e-05  4.7573e-06  2.7404e-06
 1.0902e-05  4.1540e-06  1.9867e-06
 1.0044e-05  3.6970e-06  1.2803e-06
 9.4401e-06  3.2674e-06  6.1218e-07
 8.9391e-06  2.9057e-06  2.8825e-08
 8.5484e-06  2.5518e-06  6.4566e-07
 8.1729e-06  2.2236e-06  1.2357e-06
 7.7882e-06  1.8932e-06  1.8003e-06
 7.4535e-06  1.5739e-06  2.3347e-06
 7.1162e-06  1.2529e-06  2.8418e-06
 6.9112e-06  9.4098e-07  3.3190e-06
 6.7345e-06  6.3093e-07  3.7695e-06
 6.7288e-06  3.3144e-07  4.1928e-06
 6.7190e-06  3.8975e-08  4.5910e-06
 6.8487e-06  2.3776e-07  4.9643e-06
 6.8945e-06  4.9980e-07  5.3128e-06
 7.0337e-06  7.3768e-07  5.6369e-06
 7.0364e-06  9.5265e-07  5.9350e-06
 7.1227e-06  1.1360e-06  6.2069e-06
 7.0823e-06  1.2919e-06  6.4504e-06
 7.1368e-06  1.4136e-06  6.6639e-06
 7.1068e-06  1.5083e-06  6.8462e-06
 7.1577e-06  1.5711e-06  6.9935e-06
 7.1610e-06  1.6101e-06  7.1065e-06
 7.1942e-06  1.6218e-06  7.1794e-06
 7.2089e-06  1.6129e-06  7.2151e-06
 7.1963e-06  1.5814e-06  7.2056e-06
 7.1989e-06  1.5318e-06  7.1558e-06
 7.1407e-06  1.4642e-06  7.0569e-06
 7.1301e-06  1.3809e-06  6.9148e-06
 7.0545e-06  1.2844e-06  6.7217e-06
 7.0370e-06  1.1754e-06  6.4833e-06
 6.9717e-06  1.0582e-06  6.1945e-06
 6.9418e-06  9.3275e-07  5.8595e-06
 6.8969e-06  8.0355e-07  5.4774e-06
 6.8379e-06  6.7105e-07  5.0502e-06
 6.8079e-06  5.3838e-07  4.5818e-06
 6.7046e-06  4.0751e-07  4.0714e-06
 6.6769e-06  2.7908e-07  3.5275e-06
 6.5256e-06  1.5738e-07  2.9473e-06
 6.4853e-06  4.0080e-08  2.3422e-06
 6.2960e-06  6.6235e-08  1.7092e-06
 6.2284e-06  1.6656e-07  1.0603e-06
 6.0205e-06  2.5292e-07  3.9415e-07
 5.9122e-06  3.3199e-07  2.7890e-07
 5.7062e-06  3.9597e-07  9.5700e-07
 5.5458e-06  4.5153e-07  1.6336e-06
 5.3558e-06  4.9278e-07  2.3022e-06
 5.1370e-06  5.2461e-07  2.9613e-06
 3.0722e-06  8.4296e-07  4.3506e-06
 4.7038e-06  8.8163e-07  4.9094e-06
 2.9648e-06  9.3190e-07  5.6095e-06
 4.7326e-06  9.7098e-07  6.2609e-06
 2.5275e-06  9.3820e-07  6.9261e-06
 4.8817e-06  9.1901e-07  7.5389e-06
 3.2841e-06  5.5451e-07  6.6390e-06
 3.5839e-06  4.6749e-07  7.3167e-06
 2.5199e-06  3.1323e-07  7.7605e-06
 1.5299e-06  8.4288e-08  6.6063e-06
 1.4327e-06  2.8068e-08  7.0224e-06
 1.4639e-06  8.4678e-08  7.2349e-06
 1.4596e-06  1.4065e-07  7.4017e-06
 1.4415e-06  1.5379e-07  7.4979e-06
 1.3848e-06  1.5556e-07  7.5354e-06
 1.3162e-06  1.3326e-07  7.5107e-06
 1.1938e-06  1.0355e-07  7.4311e-06
 1.0709e-06  6.9530e-08  7.3010e-06
 9.1512e-07  3.9451e-08  7.1263e-06
 7.7138e-07  1.9188e-08  6.9135e-06
 6.2052e-07  1.0574e-08  6.6674e-06
 7.8855e-08  1.1272e-07  7.9519e-06
 9.1113e-08  1.1760e-07  7.4190e-06
 9.3844e-08  1.0788e-07  7.0527e-06
 8.9615e-08  8.0111e-08  6.6582e-06
 1.6075e-07  1.9939e-07  7.7852e-06
 1.8657e-07  2.3030e-07  7.0470e-06
 2.4861e-07  1.8808e-07  6.5580e-06
 2.1609e-07  1.7611e-07  6.0433e-06
 4.4399e-07  1.1189e-07  5.5461e-06
 2.2915e-07  8.7087e-08  5.0607e-06
 5.9383e-07  2.4368e-08  4.5954e-06
 1.8246e-07  6.9161e-09  4.1465e-06
 7.4561e-07  6.0245e-08  3.7211e-06
 1.2045e-07  1.0031e-07  3.3147e-06
 8.9446e-07  1.4654e-07  2.9319e-06
 5.2840e-08  1.9045e-07  2.5709e-06
 1.0355e-06  2.2959e-07  2.2308e-06
 4.8244e-08  2.6592e-07  1.9157e-06
 1.2501e-06  2.8990e-07  1.6176e-06
 3.0634e-07  3.1399e-07  1.3455e-06
 1.7101e-06  3.0784e-07  1.0890e-06
 9.2026e-07  3.2753e-07  8.5301e-07
 2.5812e-06  2.8108e-07  6.3773e-07
 2.0136e-06  3.0097e-07  4.2977e-07
 3.8660e-06  2.3182e-07  2.5259e-07
 3.5056e-06  2.2698e-07  6.7231e-08
 5.3999e-06  1.9175e-07  7.9046e-08
 5.2725e-06  1.1118e-07  2.4453e-07
 7.2228e-06  1.6740e-07  3.6704e-07
 7.6598e-06  4.9228e-09  5.1935e-07
 1.0101e-05  1.2205e-07  6.1624e-07
 4.2941e-06  5.9795e-09  3.6610e-07
 3.9914e-06  1.7794e-08  8.1089e-07
 3.8270e-06  5.5870e-08  8.8759e-07
 4.2356e-06  2.1176e-08  9.8892e-07
 5.7298e-06  6.1388e-08  1.1308e-06
 7.2171e-06  6.5527e-08  1.2072e-06
 8.8410e-06  9.7840e-08  1.3540e-06
 1.0486e-05  2.8280e-08  1.4194e-06
 2.8670e-06  1.1933e-07  8.5558e-07
 3.5642e-06  9.9525e-10  1.6157e-06
 4.1279e-06  1.4281e-07  1.6548e-06
 3.8729e-06  3.3740e-08  1.7931e-06
 5.3740e-06  1.3640e-07  1.9210e-06
 6.3645e-06  3.8601e-08  2.0275e-06
 9.4171e-06  5.0651e-08  2.1810e-06
 4.0974e-06  1.3760e-07  1.4218e-06
 4.6419e-06  2.5547e-08  2.4376e-06
 4.6882e-06  3.6875e-08  2.4014e-06
 5.5444e-06  1.0039e-07  2.5922e-06
 6.2014e-06  1.8344e-07  2.6753e-06
 8.5827e-06  1.4794e-07  2.8559e-06
 7.9997e-06  4.1727e-07  2.9441e-06
 1.0542e-05  8.4152e-08  3.0996e-06
 2.2733e-06  2.5749e-07  2.0824e-06
 5.3645e-06  2.6303e-07  3.4187e-06
 4.9152e-06  5.8085e-07  3.3433e-06
 7.9350e-06  4.5202e-07  3.5069e-06
 8.9592e-06  6.7277e-07  3.5806e-06
 4.1551e-06  2.6351e-07  2.2833e-06
 4.0429e-06  7.0684e-07  3.9361e-06
 6.6062e-06  8.3500e-07  3.8913e-06
 5.0917e-06  7.8597e-07  3.9847e-06
 8.0357e-06  8.2623e-07  4.1543e-06
 7.5941e-06  9.4933e-07  4.1982e-06
 8.8046e-06  6.5546e-07  4.3363e-06
 7.5164e-06  1.2654e-06  4.3962e-06
 8.8282e-06  4.9372e-07  4.4772e-06
 6.6575e-07  1.0311e-06  3.7319e-06
 9.2537e-06  7.5768e-07  4.6687e-06
 6.1229e-06  7.9394e-07  2.9895e-06
 6.1052e-06  1.1071e-06  4.7633e-06
 8.0374e-06  9.5103e-07  4.5460e-06
 9.4979e-06  1.0060e-06  4.6892e-06
 4.3029e-06  9.7100e-07  2.9599e-06
 4.0221e-06  9.5055e-07  4.8648e-06
 4.2061e-06  9.8919e-07  4.5421e-06
 3.3671e-06  8.5218e-07  4.6743e-06
 4.3792e-06  7.9267e-07  4.5936e-06
 6.8861e-06  9.0659e-07  4.6219e-06
 6.1108e-06  9.1963e-07  4.5834e-06
 7.3945e-06  5.8792e-07  4.5148e-06
 6.2289e-06  1.3745e-06  4.5112e-06
 7.0950e-06  2.8637e-07  4.4092e-06
 7.5447e-07  1.0226e-06  3.6418e-06
 5.4339e-06  4.7756e-07  2.5627e-06
 4.2186e-06  6.6718e-07  5.3114e-06
 4.2118e-06  7.0790e-07  4.0035e-06
 3.2640e-07  6.2418e-07  5.0164e-06
 3.2354e-06  6.5514e-07  3.8834e-06
 2.0663e-06  6.3879e-07  4.8644e-06
 3.1979e-06  5.4832e-07  3.8027e-06
 5.0090e-06  2.8708e-07  4.7769e-06
 7.5436e-06  6.5874e-07  3.6615e-06
 7.3220e-06  3.6653e-07  4.5320e-06
 8.1489e-06  4.3776e-07  3.5447e-06
 7.8070e-06  3.8795e-07  4.3629e-06
 7.9536e-06  1.9769e-07  3.4315e-06
 7.9066e-06  4.1572e-07  4.1622e-06
 7.6185e-06  2.7104e-08  3.3249e-06
 8.0699e-06  3.4860e-07  3.9729e-06
 8.1985e-06  9.5811e-08  3.1990e-06
 9.0266e-06  1.7650e-07  3.7809e-06
 9.9835e-06  1.5922e-08  3.0485e-06
 1.0694e-05  2.5297e-08  3.5874e-06
 1.2140e-05  9.1608e-08  2.8922e-06
 1.2353e-05  1.6745e-07  3.4008e-06
 1.3499e-05  1.0012e-07  2.7587e-06
 1.3377e-05  2.0953e-07  3.2341e-06
 1.3570e-05  9.5985e-09  2.6625e-06
 1.3646e-05  1.9192e-07  3.0945e-06
 1.2921e-05  1.5363e-07  2.5923e-06
 1.3550e-05  1.8618e-07  2.9745e-06
 1.2560e-05  2.3466e-07  2.5229e-06
 1.3678e-05  2.3453e-07  2.8566e-06
 3.1900e-06  2.2656e-07  1.3838e-06
 3.5657e-06  2.0786e-07  2.8764e-06
 3.0972e-07  2.3369e-07  2.7354e-06
 1.6317e-06  2.1696e-07  2.7212e-06
 4.7704e-08  1.9830e-07  2.7335e-06
 1.3416e-06  2.2475e-07  2.7066e-06
 5.5730e-09  2.3909e-07  2.7181e-06
 7.8097e-07  2.3071e-07  2.6768e-06
 3.3895e-08  2.5044e-07  2.6527e-06
 6.5380e-07  2.6585e-07  2.5892e-06
 8.2029e-08  2.7116e-07  2.5246e-06
 5.2983e-07  2.8082e-07  2.4300e-06
 1.9589e-07  2.9579e-07  2.3308e-06
 4.1527e-07  2.9947e-07  2.2075e-06
 2.4355e-07  3.1041e-07  2.0768e-06
 3.5898e-07  3.2052e-07  1.9305e-06
 2.5530e-07  3.2775e-07  1.7760e-06
 2.9331e-07  3.3466e-07  1.6111e-06
 2.5414e-07  3.4227e-07  1.4402e-06
 2.4004e-07  3.4586e-07  1.2622e-06
 2.2263e-07  3.4859e-07  1.0795e-06
 3.3788e-07  4.5326e-07  7.1158e-07
 8.5935e-08  4.8549e-07  4.3580e-07
 1.6398e-07  4.5481e-07  2.0367e-07
 1.8835e-08  4.4086e-07  3.0842e-08
 1.6010e-07  4.0541e-07  2.5235e-07
 6.2745e-08  3.8840e-07  4.5850e-07
 2.4513e-07  3.5710e-07  6.5215e-07
 8.8768e-08  3.3990e-07  8.3402e-07
 3.2095e-07  3.2247e-07  1.0080e-06
 1.2984e-07  3.0342e-07  1.1786e-06
 3.6251e-07  3.0123e-07  1.3472e-06
 1.9635e-07  2.7996e-07  1.5199e-06
 3.8433e-07  2.8708e-07  1.6946e-06
 2.7563e-07  2.6432e-07  1.8782e-06
 3.7331e-07  2.7311e-07  2.0648e-06
 2.9811e-07  2.4613e-07  2.2619e-06
 2.4728e-07  2.5442e-07  2.4615e-06
 1.2956e-07  2.1411e-07  2.6677e-06
 1.3554e-07  2.2866e-07  2.8790e-06
 3.7659e-07  1.6316e-07  3.0849e-06
 8.9832e-07  1.9231e-07  3.3053e-06
 1.2829e-06  1.0073e-07  3.4996e-06
 2.0443e-06  1.3784e-07  3.7244e-06
 2.5261e-06  4.4649e-08  3.8983e-06
 3.4891e-06  6.1480e-08  4.1205e-06
 4.0789e-06  6.0918e-09  4.2675e-06
 5.3425e-06  1.8835e-08  4.4832e-06
 6.3157e-06  3.1083e-08  4.5933e-06
 8.2510e-06  5.8067e-08  4.8089e-06
 2.0754e-06  7.3600e-08  3.2578e-06
 5.2817e-06  1.1678e-07  5.3368e-06
 5.3170e-06  8.6093e-08  5.1455e-06
 6.6172e-06  1.3872e-07  5.3042e-06
 7.9237e-06  9.4227e-08  5.2975e-06
 1.0613e-05  8.4814e-08  5.4253e-06
 2.6237e-06  1.2587e-07  3.5686e-06
 5.0536e-06  1.4006e-07  5.7730e-06
 5.4641e-06  1.6398e-08  5.4541e-06
 6.0378e-06  1.1975e-07  5.5096e-06
 6.7404e-06  6.1516e-08  5.4328e-06
 9.1411e-06  7.6730e-08  5.4455e-06
 2.2597e-06  1.6059e-07  3.5469e-06
 4.5706e-06  2.4887e-08  5.6201e-06
 5.2063e-06  9.7555e-08  5.2406e-06
 6.2578e-06  4.3887e-09  5.2146e-06
 7.4684e-06  1.3980e-07  5.0545e-06
 1.0057e-05  4.7642e-08  5.0102e-06
 3.0097e-06  2.5195e-07  3.2008e-06
 4.4910e-06  1.1258e-08  5.0200e-06
 5.2306e-06  8.8395e-08  4.5923e-06
 5.4135e-06  4.0026e-08  4.5103e-06
 6.5538e-06  8.0491e-08  4.2978e-06
 8.5400e-06  6.5354e-08  4.1829e-06
 9.8305e-06  1.0495e-07  3.9575e-06
 2.3761e-06  4.8455e-08  2.3918e-06
 4.7740e-06  9.0337e-08  3.8265e-06
 5.4973e-06  1.1002e-07  3.4927e-06
 6.1194e-06  4.0410e-08  3.3059e-06
 7.7420e-06  1.5298e-07  3.1627e-06
 1.0079e-05  5.7003e-08  2.9088e-06
 3.4919e-06  2.0519e-07  1.7350e-06
 4.6159e-06  7.3795e-08  2.6990e-06
 5.9644e-06  1.3269e-07  2.4125e-06
 5.7056e-06  6.5041e-08  2.1948e-06
 7.4682e-06  2.0536e-07  2.0572e-06
 8.3721e-06  2.5397e-07  2.1443e-06
 8.0280e-06  1.9246e-07  1.5515e-06
 9.2649e-06  2.8160e-07  1.6785e-06
 9.1000e-06  1.9470e-07  1.1951e-06
 2.4481e-06  1.1833e-08  8.0779e-07
 3.8277e-06  2.5817e-07  1.0934e-06
 3.9215e-06  1.5226e-07  8.7301e-07
 4.2165e-06  2.3168e-07  7.6867e-07
 5.2575e-06  1.8539e-07  5.8397e-07
 6.8150e-06  1.7427e-07  4.9196e-07
 8.2378e-06  1.7730e-07  3.0891e-07
 9.5377e-06  2.0078e-07  2.3763e-07
 1.1407e-05  6.9755e-08  6.0120e-08
 2.1705e-06  1.4113e-07  5.6335e-08
 5.2552e-06  4.4742e-09  1.2096e-07
 5.3705e-06  1.9563e-07  1.7221e-07
 6.3011e-06  1.4408e-08  2.8792e-07
 7.2641e-06  2.1485e-07  3.4317e-07
 1.0010e-05  8.4999e-08  4.8871e-07
 3.8486e-06  2.1506e-07  3.6202e-07
 4.8319e-06  8.4036e-08  6.2331e-07
 5.6273e-06  8.4833e-08  6.2323e-07
 5.7320e-06  2.5260e-08  7.5158e-07
 7.2538e-06  9.3529e-08  7.5949e-07
 9.2709e-06  8.9569e-09  8.9065e-07
 1.0056e-05  1.3925e-07  8.8803e-07
 1.8985e-06  5.0731e-08  4.8122e-07
 4.0259e-06  1.4657e-07  9.8283e-07
 4.6922e-06  1.3709e-07  9.9968e-07
 5.0192e-06  1.1632e-07  1.0496e-06
 6.2019e-06  1.7007e-07  1.1237e-06
 8.0785e-06  2.6683e-08  1.1262e-06
 3.7801e-06  2.1278e-07  6.4473e-07
 3.7401e-06  9.7358e-08  1.2083e-06
 5.7727e-06  8.7141e-08  1.1924e-06
 5.1173e-06  8.1930e-08  1.1790e-06
 8.0381e-06  1.0968e-07  1.2775e-06
 9.0766e-06  1.1532e-07  1.2265e-06
 1.1178e-05  2.0452e-07  1.3237e-06
 1.7509e-06  7.3182e-08  8.6193e-07
 4.6914e-06  3.6952e-07  1.3616e-06
 4.2855e-06  8.1643e-08  1.2601e-06
 5.1831e-06  4.0912e-07  1.2818e-06
 4.9225e-06  5.6004e-08  1.2799e-06
 7.6524e-06  3.8669e-07  1.3167e-06
 1.6239e-06  1.1106e-07  1.0690e-06
 9.2614e-06  2.7017e-07  1.3474e-06
 4.2086e-06  7.5796e-08  8.3189e-07
 4.0233e-06  3.3980e-07  1.3093e-06
 5.4759e-06  3.6363e-07  1.2043e-06
 4.8468e-06  4.3008e-07  1.2931e-06
 6.3297e-06  3.7509e-07  1.2216e-06
 8.4426e-06  4.1865e-07  1.3033e-06
 8.6154e-06  3.2379e-07  1.2392e-06
 1.0801e-05  5.7556e-07  1.2659e-06
 1.1886e-06  2.8525e-07  8.3763e-07
 5.3850e-06  6.1982e-07  1.2391e-06
 5.6225e-06  3.0897e-07  1.1262e-06
 8.4030e-06  5.2902e-07  1.0967e-06
 9.2823e-06  2.0145e-07  1.0459e-06
 4.6094e-06  4.5144e-07  5.5579e-07
 4.5147e-06  3.7476e-07  9.9380e-07
 6.8372e-06  2.5172e-07  9.4910e-07
 6.8461e-06  4.3638e-07  8.7071e-07
 1.0610e-05  2.4047e-07  9.4019e-07
 1.2012e-05  4.7933e-07  8.1231e-07
 1.4277e-05  4.6256e-07  8.7299e-07
 5.2113e-07  2.7987e-07  5.2266e-07
 5.2744e-06  7.4766e-07  7.7678e-07
 4.0652e-06  2.4991e-07  6.2897e-07
 4.9165e-06  7.0799e-07  5.5413e-07
 3.1727e-06  1.2682e-07  5.2763e-07
 6.0684e-06  6.2907e-07  4.6875e-07
 3.2159e-07  2.2756e-07  3.5152e-07
 8.6649e-06  2.9645e-07  3.4433e-07
 5.3456e-06  1.2141e-07  1.6716e-07
 4.4429e-06  3.0886e-07  1.4305e-07
 5.9189e-06  4.2495e-07  2.6360e-08
 2.4116e-06  3.6120e-07  1.2127e-07
 3.5010e-06  4.7883e-07  2.8863e-08
 5.4005e-06  3.1305e-07  3.8720e-08
 6.5739e-06  6.4658e-07  1.3426e-07
 7.7172e-06  1.0093e-07  2.3067e-07
 8.3313e-06  4.8239e-07  1.4616e-07
 9.4006e-06  3.0632e-07  3.7961e-07
 8.7257e-06  1.2038e-07  3.9214e-07
 9.2264e-06  5.1174e-07  6.2130e-07
 7.7657e-06  6.6877e-08  6.7795e-07
 8.6029e-06  6.4216e-07  9.2154e-07
 7.4906e-06  2.9990e-08  9.5449e-07
 9.3208e-06  4.0060e-07  1.0930e-06
 5.4933e-06  1.0897e-07  8.5838e-07
 4.4637e-06  4.0728e-07  1.5077e-06
 3.5864e-06  4.1116e-07  1.6204e-06
 4.5117e-06  3.7947e-07  1.6868e-06
 6.7893e-06  5.7724e-07  1.8247e-06
 9.4859e-06  3.4804e-07  1.8792e-06
 1.0145e-05  3.8856e-07  1.9927e-06
 1.3643e-06  2.5336e-07  1.4779e-06
 4.3711e-06  1.8107e-07  2.3135e-06
 4.4956e-06  4.7567e-07  2.2155e-06
 4.7988e-06  1.6351e-07  2.2691e-06
 6.4908e-06  3.4126e-07  2.2658e-06
 8.0580e-06  2.6146e-07  2.3432e-06
 4.5778e-06  3.5502e-07  1.6244e-06
 3.2569e-06  2.8528e-07  2.5735e-06
 5.6487e-06  1.3636e-07  2.4690e-06
 3.8479e-06  1.3487e-07  2.5636e-06
 6.8357e-06  1.2177e-07  2.5162e-06
 6.8819e-06  6.5743e-08  2.6002e-06
 8.2687e-06  2.0627e-07  2.5754e-06
 8.2211e-06  1.2841e-07  2.6278e-06
 9.8525e-06  3.8436e-07  2.6530e-06
 2.5852e-06  1.1894e-07  1.6425e-06
 5.6091e-06  2.7254e-07  2.9007e-06
 5.6537e-06  5.3210e-08  2.8305e-06
 9.3226e-06  1.1196e-07  2.8495e-06
 5.0049e-06  1.2969e-07  1.8547e-06
 4.8652e-06  6.0655e-09  3.1041e-06
 6.0255e-06  4.7896e-08  2.9852e-06
 5.9269e-06  8.6670e-08  2.9225e-06
 8.6084e-06  8.4150e-08  2.9952e-06
 1.0929e-05  5.8416e-08  2.8741e-06
 1.1899e-05  8.9355e-08  2.9533e-06
 1.9340e-06  1.6134e-07  1.9975e-06
 3.8142e-06  2.9637e-08  3.0911e-06
 4.3199e-06  3.2691e-07  2.8815e-06
 3.6451e-06  8.6012e-08  2.8293e-06
 3.7476e-06  4.0715e-07  2.7748e-06
 4.7449e-06  7.3797e-08  2.7117e-06
 8.0123e-06  2.3907e-07  2.6233e-06
 5.4392e-06  7.1533e-08  1.6709e-06
 6.0202e-06  2.3983e-08  2.7071e-06
 6.5381e-06  2.0992e-07  2.5621e-06
 7.6747e-06  4.2389e-08  2.4126e-06
 1.0534e-05  1.6151e-07  2.4652e-06
 1.2946e-05  1.4215e-07  2.2957e-06
 1.2660e-05  1.8635e-07  2.3471e-06
 9.7961e-06  5.5280e-08  2.6325e-06
 7.6909e-06  4.7638e-07  2.0683e-06
 1.1851e-07  7.9619e-08  2.0107e-06
 4.3142e-06  6.3186e-07  2.3617e-06
 8.2994e-06  1.2953e-07  2.3006e-06
 6.5726e-06  4.0726e-07  1.5073e-06
 7.4691e-06  5.1824e-07  2.5354e-06
 9.3176e-06  9.2944e-08  2.4796e-06
 9.7461e-06  4.0967e-07  2.3317e-06
 4.1324e-06  4.3067e-07  1.5755e-06
 3.6695e-06  6.1723e-08  2.3889e-06
 2.2924e-06  1.3908e-07  2.2923e-06
 7.6527e-07  1.3572e-07  2.1336e-06
 9.0773e-07  8.6342e-08  2.0318e-06
 7.8455e-07  3.2403e-07  1.9389e-06
 2.3867e-06  2.6487e-08  1.7312e-06
 2.2160e-06  7.1408e-07  1.7060e-06
 3.2690e-06  5.0560e-08  1.4714e-06
 7.3233e-07  7.0055e-07  1.3873e-06
 1.6230e-06  4.8833e-07  1.3084e-06
 9.5217e-06  9.3351e-07  7.6802e-07
 2.0276e-06  9.5821e-07  1.0896e-06
 1.0265e-05  1.0552e-08  8.6131e-07
 6.4326e-06  7.2362e-07  9.8077e-07
 1.4908e-05  1.6546e-07  6.7982e-07
 1.4483e-05  3.1988e-07  8.0515e-07
 1.4741e-05  3.3659e-07  6.4969e-07
 8.6160e-06  1.1566e-06  5.9402e-07
 3.2518e-06  1.2398e-06  7.9021e-07
 8.0428e-07  2.3373e-06  5.8221e-07
 1.1872e-05  2.7942e-07  1.3532e-06
 2.3330e-06  2.9203e-07  7.9222e-07
 4.7533e-06  4.9853e-07  3.0995e-07
 1.0748e-05  5.5167e-08  8.3949e-07
 6.3044e-06  1.3433e-06  8.1405e-07
 3.0347e-06  1.6052e-06  1.2907e-06
 3.2866e-06  1.9150e-06  1.0924e-06
 1.2354e-05  1.9169e-06  1.1080e-06
 3.9981e-06  1.4467e-06  9.1094e-07
 7.5259e-06  2.5491e-06  7.4855e-07
 2.4732e-06  1.6374e-06  4.1475e-07
 8.5519e-06  2.5305e-06  3.1832e-07
 6.9246e-06  1.7071e-06  3.4401e-08
 4.5094e-06  3.0690e-06  1.6295e-07
 3.9737e-06  3.5886e-06  3.7260e-07
 1.5125e-07  4.1173e-06  7.5353e-07
 1.8558e-06  4.6120e-06  8.3345e-07
 2.2194e-06  4.7704e-06  1.0819e-06
 5.4680e-07  5.3111e-06  1.1992e-06
 1.2610e-07  5.6332e-06  1.2270e-06
 5.8835e-06  5.1241e-06  1.5143e-06
 7.8314e-06  6.2608e-06  1.3362e-06
 1.3225e-05  4.0870e-06  1.6693e-06
 1.0451e-05  4.6495e-06  1.4276e-06
 1.1277e-05  2.6948e-06  1.2833e-06
 1.8385e-06  1.9476e-06  2.1416e-07
 1.1785e-05  3.8405e-06  4.3178e-08
 7.2741e-07  6.5044e-06  4.8510e-07
 4.6680e-06  6.3890e-06  6.7585e-07
 1.3886e-06  7.2690e-06  9.7411e-07
 9.2953e-07  5.8957e-06  8.4901e-07
 7.7276e-07  6.4470e-06  8.1923e-07
 2.1670e-07  6.6206e-06  5.3861e-07
 4.8909e-08  7.4725e-06  2.2073e-07
 3.5762e-08  6.1669e-06  1.5155e-08
 5.7635e-07  6.7218e-06  3.6216e-07
 6.8403e-07  7.1031e-06  6.3852e-07
 5.8504e-07  7.4915e-06  8.8780e-07
 6.6021e-07  7.7641e-06  1.0688e-06
 5.0816e-07  6.0797e-06  9.1038e-07
 1.1310e-06  5.9271e-06  9.7690e-07
 2.0887e-07  7.3115e-06  1.2444e-06
 9.9250e-07  7.1270e-06  1.2801e-06
 1.2536e-06  6.9515e-06  1.3925e-06
 1.7436e-06  6.2457e-06  1.5016e-06
 2.6114e-06  6.6194e-06  2.1993e-06
 3.0226e-06  5.7026e-06  1.9306e-06
 1.2208e-06  7.0491e-06  4.9823e-07
 2.0452e-07  6.1706e-06  1.7866e-08
 2.7027e-07  7.6058e-06  3.4136e-07
 9.4618e-08  7.5038e-06  5.3584e-07
 4.3255e-07  7.2031e-06  6.0256e-07
 5.8067e-07  6.8758e-06  5.7996e-07
 5.0227e-07  6.6271e-06  4.4045e-07
 5.7336e-07  5.7143e-06  2.3074e-07
 5.9959e-07  6.5029e-06  1.5908e-09
 4.8182e-07  7.1891e-06  2.4265e-07
 4.1379e-07  7.6202e-06  4.5295e-07
 3.7291e-07  7.7164e-06  5.9691e-07
 3.2665e-07  7.4866e-06  6.5367e-07
 1.7099e-06  2.6295e-05  1.8303e-06
 3.9852e-07  5.9643e-06  4.9273e-07
 2.1915e-06  3.1278e-05  2.1183e-06
 4.9982e-07  5.8071e-06  5.9982e-07
 3.8520e-06  3.1364e-05  3.0277e-06
 1.1195e-06  5.7867e-06  9.9545e-07
 2.8801e-06  6.9382e-06  2.1058e-06
 8.6051e-07  6.3692e-06  2.9824e-07
 2.6139e-07  7.0884e-06  7.1979e-08
 1.4653e-07  6.4459e-06  4.5564e-07
 2.6302e-07  6.2653e-06  6.1492e-07
 2.6451e-07  7.0777e-06  7.6594e-07
 5.8306e-09  6.7984e-06  7.6358e-07
 2.5856e-07  7.1118e-06  5.8410e-07
 2.6389e-07  6.2788e-06  3.1681e-07
 2.5541e-07  6.9270e-06  9.4283e-08
 2.3543e-07  7.3445e-06  1.0944e-07
 2.2561e-07  7.4539e-06  2.5393e-07
 2.2911e-07  7.1990e-06  3.1843e-07
 2.3206e-07  6.6134e-06  3.1233e-07
 2.4467e-07  5.8110e-06  2.7160e-07
 3.6451e-07  6.5740e-06  3.2820e-07
 4.2999e-07  5.6418e-06  3.2561e-07
 7.9208e-07  6.4158e-06  5.1508e-07
 7.0096e-06  1.7765e-05  1.3932e-06
 3.4833e-06  6.9778e-06  1.1313e-06
 6.7814e-07  6.4884e-06  2.1148e-07
 2.8030e-07  7.6415e-06  3.4254e-07
 1.1491e-07  6.6760e-06  6.4490e-07
 2.3249e-07  7.7178e-06  9.0694e-07
 1.7383e-07  6.6541e-06  1.0010e-06
 3.4638e-08  6.5050e-06  1.0639e-06
 2.3609e-07  7.0574e-06  8.8126e-07
 2.3706e-07  6.2928e-06  5.3836e-07
 2.3142e-07  6.9696e-06  2.8103e-07
 2.2514e-07  7.2664e-06  4.2320e-08
 2.4594e-07  7.3138e-06  1.4022e-07
 2.4432e-07  7.0495e-06  2.2693e-07
 2.5626e-07  6.5321e-06  2.3993e-07
 2.7194e-07  5.8098e-06  2.2235e-07
 3.9702e-07  6.6383e-06  2.9936e-07
 4.5960e-07  5.6275e-06  3.3914e-07
 8.5802e-07  6.1232e-06  5.8786e-07
 1.6672e-06  6.0435e-06  1.0590e-06
 2.0176e-06  7.3671e-06  6.8304e-07
 5.0313e-07  6.8472e-06  2.0230e-07
 1.5061e-07  6.8504e-06  5.0415e-07
 1.1649e-07  6.4500e-06  7.0899e-07
 1.2400e-07  6.6954e-06  8.8628e-07
 5.9678e-08  7.3576e-06  1.1741e-06
 9.0959e-08  6.1927e-06  1.0980e-06
 2.1366e-07  6.7931e-06  9.6524e-07
 1.9015e-07  6.0579e-06  6.5866e-07
 1.8847e-07  6.8128e-06  4.5012e-07
 1.9062e-07  7.2048e-06  2.5460e-07
 2.1295e-07  7.1970e-06  1.0660e-07
 2.1738e-07  6.7977e-06  3.4443e-08
 2.3157e-07  6.1463e-06  1.5639e-08
 3.2467e-07  7.1028e-06  8.8144e-09
 3.8387e-07  6.1402e-06  3.7860e-08
 4.7590e-07  5.1660e-06  1.1106e-07
 9.2096e-07  5.4500e-06  3.6110e-07
 1.7054e-06  5.6179e-06  7.7922e-07
 1.2330e-06  7.6051e-06  1.2863e-07
 4.4394e-07  7.6409e-06  2.6804e-07
 9.1709e-08  7.6424e-06  5.6644e-07
 7.7973e-08  6.7019e-06  6.5601e-07
 4.8470e-08  6.5532e-06  7.0600e-07
 6.5588e-08  7.1083e-06  7.7888e-07
 1.5724e-07  6.1814e-06  6.1795e-07
 2.5896e-07  6.8962e-06  4.1233e-07
 2.0885e-07  6.1816e-06  1.7279e-07
 2.0342e-07  6.9756e-06  3.0110e-08
 2.0666e-07  7.4519e-06  1.8665e-07
 2.2598e-07  7.4793e-06  2.5800e-07
 2.3169e-07  7.0758e-06  2.4306e-07
 2.4852e-07  6.3818e-06  1.7634e-07
 3.6295e-07  7.3303e-06  1.6290e-07
 4.3785e-07  6.2022e-06  1.0975e-07
 7.8435e-07  6.8463e-06  2.2378e-07
 1.5989e-06  6.9524e-06  5.5307e-07
 3.0663e-06  7.3185e-06  8.7217e-07
 7.8395e-07  6.6951e-06  3.8673e-07
 3.1794e-07  7.0558e-06  5.0567e-07
 3.8104e-08  6.6726e-06  7.5998e-07
 1.4143e-07  6.4788e-06  8.9111e-07
 1.1240e-07  7.5587e-06  1.1705e-06
 1.1573e-08  7.1625e-06  1.2244e-06
 1.7771e-07  7.3091e-06  1.0375e-06
 1.9055e-07  6.4300e-06  6.6683e-07
 1.9383e-07  7.2208e-06  4.0804e-07
 2.0001e-07  7.6759e-06  1.6606e-07
 1.6344e-07  6.1044e-06  2.8615e-09
 2.6001e-06  3.3961e-05  5.3419e-07
 2.2621e-07  6.5452e-06  1.6351e-07
 2.6713e-07  6.1614e-06  1.8173e-07
 3.4407e-07  6.6449e-06  2.7972e-07
 5.0186e-07  7.3612e-06  4.1712e-07
 6.1112e-07  6.1908e-06  4.6911e-07
 1.1034e-06  6.7744e-06  8.5712e-07
 1.3973e-06  6.7130e-06  7.9241e-07
 5.4229e-07  6.9671e-06  1.3006e-07
 1.6276e-07  7.0830e-06  1.8055e-07
 5.5264e-08  7.0519e-06  4.8091e-07
 6.2088e-08  6.5869e-06  5.8145e-07
 1.6678e-08  6.2198e-06  6.6282e-07
 7.4280e-08  6.2032e-06  7.9442e-07
 1.6648e-07  6.4231e-06  8.5193e-07
 2.2455e-07  7.5968e-06  8.5524e-07
 1.7222e-07  6.8756e-06  6.8473e-07
 1.8292e-07  7.5658e-06  5.9490e-07
 2.1254e-07  7.7691e-06  4.7974e-07
 2.1238e-07  7.5109e-06  3.7175e-07
 2.2382e-07  6.9084e-06  2.7053e-07
 2.3567e-07  6.0951e-06  1.7129e-07
 3.4549e-07  6.8553e-06  5.1157e-08
 3.9431e-07  5.8748e-06  4.5025e-08
 7.2573e-07  6.7995e-06  2.2992e-07
 8.7392e-07  6.7730e-06  2.1266e-07
 5.5994e-07  7.7527e-06  1.6550e-07
 1.9710e-07  6.2781e-06  4.3772e-07
 5.1436e-08  6.4095e-06  6.4357e-07
 4.2769e-08  6.5699e-06  7.4206e-07
 9.8939e-08  6.9734e-06  8.0526e-07
 1.8053e-07  7.3185e-06  7.9073e-07
 2.1214e-07  7.2385e-06  6.1228e-07
 1.8152e-07  6.2473e-06  3.1777e-07
 1.8524e-07  6.8504e-06  4.0124e-08
 1.8653e-07  7.1795e-06  2.3094e-07
 1.9334e-07  7.1297e-06  4.2613e-07
 1.9488e-07  6.7399e-06  4.9229e-07
 2.0730e-07  6.2572e-06  4.3452e-07
 3.0151e-07  7.5813e-06  4.0050e-07
 3.4248e-07  7.0311e-06  1.5430e-07
 3.8719e-07  6.4349e-06  1.0851e-07
 4.5652e-07  6.0203e-06  4.0453e-07
 4.9677e-07  6.5542e-06  6.9754e-07
 2.9927e-07  6.6560e-06  8.7697e-07
 1.3853e-07  6.7389e-06  9.7494e-07
 5.1088e-08  6.4833e-06  9.3725e-07
 4.7123e-08  6.4615e-06  8.4586e-07
 7.1917e-08  6.8931e-06  7.4523e-07
 1.0531e-07  7.1894e-06  5.7175e-07
 1.2958e-07  6.5756e-06  3.5392e-07
 1.6003e-07  6.6668e-06  2.0947e-07
 1.9515e-07  7.1532e-06  1.4065e-07
 1.8806e-07  6.0720e-06  1.5046e-07
 2.3813e-07  6.5200e-06  1.6804e-07
 2.7386e-07  6.6731e-06  2.2751e-07
 2.9721e-07  6.7038e-06  3.1234e-07
 3.0652e-07  6.7827e-06  3.6256e-07
 3.0903e-07  6.9010e-06  3.1823e-07
 3.0571e-07  6.8757e-06  1.8471e-07
 3.0290e-07  6.7773e-06  2.6359e-08
 2.8017e-07  6.8619e-06  2.6131e-07
 2.1786e-07  6.8704e-06  4.1486e-07
 1.4361e-07  7.3579e-06  3.4237e-07
 9.4002e-08  6.1042e-06  1.0310e-07
 1.5631e-07  7.3455e-06  6.7831e-08
 2.0023e-07  6.6406e-06  8.0116e-08
 2.3167e-07  6.4141e-06  2.9754e-07
 2.6429e-07  6.9023e-06  5.7242e-07
 2.1962e-07  6.2612e-06  7.2221e-07
 2.2418e-07  7.2434e-06  8.4642e-07
 1.7764e-07  6.3221e-06  7.2843e-07
 1.7410e-07  6.5633e-06  6.2483e-07
 1.6669e-07  6.3372e-06  4.4985e-07
 1.9508e-07  7.2675e-06  2.6117e-07
 1.8039e-07  6.1576e-06  2.7832e-08
 2.1542e-07  6.3612e-06  2.2171e-07
 3.0128e-07  6.5542e-06  3.9575e-07
 4.7265e-07  7.7404e-06  4.8788e-07
 3.8619e-07  7.0112e-06  4.5020e-08
 2.9175e-07  6.9565e-06  2.9886e-07
 2.1328e-07  7.1806e-06  5.7835e-07
 1.8401e-07  6.4381e-06  6.7000e-07
 2.0267e-07  6.5046e-06  7.0647e-07
 2.0941e-07  6.3198e-06  6.4307e-07
 2.0629e-07  6.3214e-06  4.9945e-07
 2.0092e-07  6.4258e-06  2.6084e-07
 1.9026e-07  6.3928e-06  4.6027e-08
 2.2303e-07  7.6689e-06  5.0761e-07
 2.1210e-07  6.9308e-06  7.7998e-07
 2.0919e-07  6.0778e-06  8.8054e-07
 2.9322e-07  7.1145e-06  1.0509e-06
 3.3149e-07  6.9328e-06  7.8912e-07
 3.7760e-07  7.0072e-06  4.5476e-07
 4.1666e-07  7.1266e-06  4.7346e-08
 4.4662e-07  7.5840e-06  4.0343e-07
 3.4341e-07  6.9981e-06  7.4273e-07
 2.3711e-07  6.5523e-06  8.4901e-07
 1.8324e-07  7.7194e-06  9.7045e-07
 1.2388e-07  6.7194e-06  7.9984e-07
 1.1078e-07  6.3914e-06  6.0016e-07
 1.1977e-07  6.7367e-06  3.7291e-07
 1.3157e-07  6.9168e-06  1.0044e-07
 1.7324e-07  7.3787e-06  1.5503e-07
 1.9200e-07  6.7469e-06  2.2761e-07
 2.3247e-07  6.7225e-06  1.9376e-07
 2.9386e-07  7.2295e-06  1.1818e-07
 2.7942e-07  6.2641e-06  4.7424e-08
 3.2285e-07  6.9197e-06  1.8180e-07
 3.5260e-07  7.6375e-06  3.1792e-07
 2.9164e-07  6.5321e-06  3.7398e-07
 2.9199e-07  6.8446e-06  3.2277e-07
 2.8486e-07  6.8829e-06  1.7128e-07
 2.7092e-07  6.8050e-06  9.0302e-08
 2.3732e-07  6.5566e-06  3.9109e-07
 2.3351e-07  7.6405e-06  7.8749e-07
 1.8076e-07  7.5803e-06  7.6667e-07
 1.8665e-07  7.0736e-06  6.8155e-07
 2.1791e-07  6.2722e-06  5.3556e-07
 3.2897e-07  7.4839e-06  4.6057e-07
 2.8372e-07  6.2289e-06  4.3750e-08
 3.0823e-07  7.2208e-06  4.2561e-07
 2.5164e-07  6.7327e-06  6.9453e-07
 2.5629e-07  7.7325e-06  8.7130e-07
 2.0339e-07  6.6884e-06  7.5283e-07
 1.9368e-07  6.8554e-06  5.9714e-07
 1.7744e-07  6.5039e-06  3.4560e-07
 1.9253e-07  7.1736e-06  4.6802e-08
 2.0776e-07  7.3769e-06  3.1361e-07
 2.5083e-07  7.1597e-06  6.4254e-07
 3.5181e-07  7.1727e-06  8.6521e-07
 3.8866e-07  6.6758e-06  6.2173e-07
 3.9803e-07  7.7117e-06  2.6820e-07
 2.3147e-07  6.3072e-06  2.6921e-07
 2.0211e-07  6.3305e-06  5.0519e-07
 2.3722e-07  7.0880e-06  6.3889e-07
 2.6370e-07  7.3705e-06  6.7632e-07
 2.7295e-07  7.5999e-06  6.1504e-07
 2.7431e-07  7.9046e-06  4.1885e-07
 2.1292e-07  6.3664e-06  1.1622e-07
 2.4108e-07  7.6925e-06  3.6029e-07
 2.1873e-07  6.8737e-06  7.6215e-07
 2.4664e-07  7.3695e-06  1.3186e-06
 2.3871e-07  6.1906e-06  1.3698e-06
 3.3852e-07  7.1468e-06  1.5541e-06
 3.8307e-07  7.0232e-06  1.1652e-06
 4.3675e-07  7.3108e-06  7.0083e-07
 4.8553e-07  7.7787e-06  1.3392e-07
 3.9471e-07  7.0077e-06  4.3280e-07
 3.0343e-07  6.7051e-06  7.4176e-07
 2.1112e-07  6.3380e-06  8.2533e-07
 1.7496e-07  7.4126e-06  8.6188e-07
 1.5340e-07  7.6547e-06  6.9243e-07
 1.3320e-07  6.8134e-06  3.8917e-07
 1.2675e-07  6.9347e-06  7.0326e-08
 1.3535e-07  7.0755e-06  2.4953e-07
 1.8516e-07  7.5635e-06  5.4102e-07
 2.0395e-07  6.7906e-06  5.6473e-07
 2.4650e-07  6.6341e-06  4.8864e-07
 3.1660e-07  7.1000e-06  3.7870e-07
 2.9123e-07  6.2292e-06  1.3358e-07
 3.4489e-07  7.1754e-06  1.8119e-09
 3.0676e-07  6.4779e-06  1.6979e-07
 3.2967e-07  7.2464e-06  2.1779e-07
 3.3786e-07  7.7631e-06  1.4076e-07
 2.6698e-07  6.3860e-06  1.3354e-08
 2.4829e-07  6.3679e-06  3.1931e-07
 2.5400e-07  7.4074e-06  8.5279e-07
 1.8850e-07  6.8257e-06  1.0339e-06
 1.5857e-07  6.2780e-06  1.0565e-06
 2.1124e-07  6.7633e-06  1.2974e-06
 3.3236e-07  7.4482e-06  1.4174e-06
 3.7813e-07  7.3798e-06  1.0017e-06
 3.2196e-07  6.6189e-06  3.2228e-07
 2.7738e-07  6.3090e-06  1.5214e-07
 2.9356e-07  7.5112e-06  4.6560e-07
 2.4063e-07  6.8487e-06  5.5856e-07
 2.3526e-07  7.4660e-06  4.8524e-07
 2.1851e-07  7.5248e-06  2.4562e-07
 1.9392e-07  6.9491e-06  6.8367e-08
 2.0341e-07  7.4276e-06  5.0536e-07
 2.1203e-07  7.4085e-06  9.9659e-07
 2.7951e-07  7.1281e-06  1.4534e-06
 4.0544e-07  7.2189e-06  1.8540e-06
 4.1678e-07  7.0250e-06  1.5509e-06
 2.9882e-07  6.5094e-06  8.0683e-07
 2.3210e-07  6.7840e-06  2.6565e-07
 2.2560e-07  6.4845e-06  6.3719e-09
 2.7280e-07  7.1393e-06  6.2776e-08
 3.0553e-07  7.6578e-06  7.5556e-08
 2.5938e-07  6.6502e-06  5.3169e-08
 2.6097e-07  7.1167e-06  1.7175e-07
 2.4624e-07  7.1776e-06  5.3320e-07
 2.2239e-07  6.7251e-06  9.4988e-07
 2.4634e-07  7.3856e-06  1.6945e-06
 2.7431e-07  7.6945e-06  2.4877e-06
 2.6784e-07  6.3120e-06  2.4974e-06
 3.9042e-07  7.3023e-06  2.9200e-06
 4.4319e-07  7.1780e-06  2.4691e-06
 5.0567e-07  7.5749e-06  1.9346e-06
 4.2535e-07  6.6990e-06  1.0012e-06
 3.5493e-07  6.3849e-06  3.4844e-07
 3.4132e-07  7.6667e-06  3.5061e-08
 2.3206e-07  7.3620e-06  2.0542e-07
 1.5894e-07  6.6214e-06  1.8438e-07
 1.4061e-07  6.4697e-06  3.0900e-08
 1.4495e-05  1.2210e-04  9.0876e-06
 1.8415e-07  6.6116e-06  4.1874e-07
 1.4808e-07  6.2160e-06  7.1740e-07
 1.5660e-07  6.3647e-06  1.2561e-06
 1.8247e-07  6.7485e-06  1.8049e-06
 2.8750e-07  7.6893e-06  2.3211e-06
 3.4373e-07  7.4297e-06  2.1758e-06
 3.1783e-07  6.1513e-06  1.5243e-06
 3.7666e-07  6.9638e-06  1.3678e-06
 3.3781e-07  6.3051e-06  8.8708e-07
 3.6535e-07  7.2081e-06  7.6264e-07
 2.9341e-07  6.3754e-06  5.1245e-07
 2.9435e-07  6.9432e-06  6.4115e-07
 2.7908e-07  7.2229e-06  9.2613e-07
 2.3623e-07  6.9664e-06  1.2595e-06
 1.8409e-07  6.6200e-06  1.4900e-06
 2.0730e-07  7.7543e-06  2.0969e-06
 2.0113e-07  6.4059e-06  2.1930e-06
 2.6952e-07  6.4675e-06  2.7707e-06
 3.7600e-07  7.4105e-06  3.2675e-06
 3.3115e-07  6.3421e-06  2.2243e-06
 3.7042e-07  7.8010e-06  1.9002e-06
 3.1328e-07  7.4864e-06  1.1895e-06
 2.4924e-07  6.9047e-06  7.3028e-07
 2.5745e-07  7.6729e-06  6.7814e-07
 1.9865e-07  6.4072e-06  5.7338e-07
 1.8702e-07  6.3424e-06  7.7211e-07
 2.1644e-07  7.3912e-06  1.3244e-06
 1.8818e-07  6.3760e-06  1.5911e-06
 2.4044e-07  6.7125e-06  2.2513e-06
 3.2181e-07  7.2404e-06  2.9787e-06
 3.3394e-07  6.6538e-06  2.8588e-06
 3.3647e-07  6.8594e-06  2.5425e-06
 2.5756e-07  6.2378e-06  1.5999e-06
 3.0340e-07  7.1762e-06  1.3242e-06
 3.5562e-07  7.8177e-06  1.1492e-06
 2.8910e-07  6.7072e-06  7.5219e-07
 3.0712e-07  7.4777e-06  6.9168e-07
 2.4111e-07  6.5996e-06  5.5786e-07
 2.3103e-07  6.9809e-06  7.9398e-07
 2.0986e-07  6.8502e-06  1.1457e-06
 1.8552e-07  6.2403e-06  1.5121e-06
 2.1945e-07  6.7649e-06  2.2946e-06
 2.9421e-07  7.1475e-06  3.1294e-06
 3.0094e-07  6.0606e-06  3.0988e-06
 4.3912e-07  7.0690e-06  3.7001e-06
 4.8645e-07  6.9846e-06  3.3037e-06
 5.3741e-07  7.6989e-06  2.8777e-06
 4.3228e-07  7.2866e-06  1.8859e-06
 3.1218e-07  6.8652e-06  1.2057e-06
 2.1518e-07  6.4570e-06  7.2257e-07
 2.0627